# Logfile created on 2015-06-16 17:32:02 -0700 by logger.rb/41954
I, [2015-06-16T17:32:02.637565 #42398]  INFO -- : 0:  rake (10.4.2) from /Users/tmeyster/.rvm/gems/ruby-2.0.0-p353@railstutorial_rails_4_0/specifications/rake-10.4.2.gemspec
I, [2015-06-16T17:32:02.639284 #42398]  INFO -- : 0:  diff-lcs (1.2.5) from /Users/tmeyster/.rvm/gems/ruby-2.0.0-p353@railstutorial_rails_4_0/specifications/diff-lcs-1.2.5.gemspec
I, [2015-06-16T17:32:02.639734 #42398]  INFO -- : 0:  rspec-support (3.2.2) from /Users/tmeyster/.rvm/gems/ruby-2.0.0-p353@railstutorial_rails_4_0/specifications/rspec-support-3.2.2.gemspec
I, [2015-06-16T17:32:02.640114 #42398]  INFO -- : 0:  rspec-core (3.2.3) from /Users/tmeyster/.rvm/gems/ruby-2.0.0-p353@railstutorial_rails_4_0/specifications/rspec-core-3.2.3.gemspec
I, [2015-06-16T17:32:02.640628 #42398]  INFO -- : 0:  rspec-expectations (3.2.1) from /Users/tmeyster/.rvm/gems/ruby-2.0.0-p353@railstutorial_rails_4_0/specifications/rspec-expectations-3.2.1.gemspec
I, [2015-06-16T17:32:02.641090 #42398]  INFO -- : 0:  rspec-mocks (3.2.1) from /Users/tmeyster/.rvm/gems/ruby-2.0.0-p353@railstutorial_rails_4_0/specifications/rspec-mocks-3.2.1.gemspec
I, [2015-06-16T17:32:02.641385 #42398]  INFO -- : 0:  rspec (3.2.0) from /Users/tmeyster/.rvm/gems/ruby-2.0.0-p353@railstutorial_rails_4_0/specifications/rspec-3.2.0.gemspec
I, [2015-06-16T17:32:02.641665 #42398]  INFO -- : 0:  bundler (1.5.1) from /Users/tmeyster/.rvm/gems/ruby-2.0.0-p353@global/specifications/bundler-1.5.1.gemspec
I, [2015-06-16T17:33:45.229593 #42401]  INFO -- : 0:  rake (10.4.2) from /Users/tmeyster/.rvm/gems/ruby-2.0.0-p353@railstutorial_rails_4_0/specifications/rake-10.4.2.gemspec
I, [2015-06-16T17:33:45.231417 #42401]  INFO -- : 0:  diff-lcs (1.2.5) from /Users/tmeyster/.rvm/gems/ruby-2.0.0-p353@railstutorial_rails_4_0/specifications/diff-lcs-1.2.5.gemspec
I, [2015-06-16T17:33:45.231864 #42401]  INFO -- : 0:  rspec-support (3.2.2) from /Users/tmeyster/.rvm/gems/ruby-2.0.0-p353@railstutorial_rails_4_0/specifications/rspec-support-3.2.2.gemspec
I, [2015-06-16T17:33:45.232203 #42401]  INFO -- : 0:  rspec-core (3.2.3) from /Users/tmeyster/.rvm/gems/ruby-2.0.0-p353@railstutorial_rails_4_0/specifications/rspec-core-3.2.3.gemspec
I, [2015-06-16T17:33:45.232502 #42401]  INFO -- : 0:  rspec-expectations (3.2.1) from /Users/tmeyster/.rvm/gems/ruby-2.0.0-p353@railstutorial_rails_4_0/specifications/rspec-expectations-3.2.1.gemspec
I, [2015-06-16T17:33:45.232804 #42401]  INFO -- : 0:  rspec-mocks (3.2.1) from /Users/tmeyster/.rvm/gems/ruby-2.0.0-p353@railstutorial_rails_4_0/specifications/rspec-mocks-3.2.1.gemspec
I, [2015-06-16T17:33:45.233135 #42401]  INFO -- : 0:  rspec (3.2.0) from /Users/tmeyster/.rvm/gems/ruby-2.0.0-p353@railstutorial_rails_4_0/specifications/rspec-3.2.0.gemspec
I, [2015-06-16T17:33:45.233412 #42401]  INFO -- : 0:  bundler (1.5.1) from /Users/tmeyster/.rvm/gems/ruby-2.0.0-p353@global/specifications/bundler-1.5.1.gemspec
I, [2015-06-18T11:58:43.502984 #1554]  INFO -- : 0:  rake (10.4.2) from /Users/tmeyster/.rvm/gems/ruby-2.0.0-p353@railstutorial_rails_4_0/specifications/rake-10.4.2.gemspec
I, [2015-06-18T11:58:43.516039 #1554]  INFO -- : 0:  columnize (0.9.0) from /Users/tmeyster/.rvm/gems/ruby-2.0.0-p353@railstutorial_rails_4_0/specifications/columnize-0.9.0.gemspec
I, [2015-06-18T11:58:43.516366 #1554]  INFO -- : 0:  byebug (5.0.0) from /Users/tmeyster/.rvm/gems/ruby-2.0.0-p353@railstutorial_rails_4_0/specifications/byebug-5.0.0.gemspec
I, [2015-06-18T11:58:43.516682 #1554]  INFO -- : 0:  diff-lcs (1.2.5) from /Users/tmeyster/.rvm/gems/ruby-2.0.0-p353@railstutorial_rails_4_0/specifications/diff-lcs-1.2.5.gemspec
I, [2015-06-18T11:58:43.517006 #1554]  INFO -- : 0:  rspec-support (3.2.2) from /Users/tmeyster/.rvm/gems/ruby-2.0.0-p353@railstutorial_rails_4_0/specifications/rspec-support-3.2.2.gemspec
I, [2015-06-18T11:58:43.517358 #1554]  INFO -- : 0:  rspec-core (3.2.3) from /Users/tmeyster/.rvm/gems/ruby-2.0.0-p353@railstutorial_rails_4_0/specifications/rspec-core-3.2.3.gemspec
I, [2015-06-18T11:58:43.517680 #1554]  INFO -- : 0:  rspec-expectations (3.2.1) from /Users/tmeyster/.rvm/gems/ruby-2.0.0-p353@railstutorial_rails_4_0/specifications/rspec-expectations-3.2.1.gemspec
I, [2015-06-18T11:58:43.518027 #1554]  INFO -- : 0:  rspec-mocks (3.2.1) from /Users/tmeyster/.rvm/gems/ruby-2.0.0-p353@railstutorial_rails_4_0/specifications/rspec-mocks-3.2.1.gemspec
I, [2015-06-18T11:58:43.518370 #1554]  INFO -- : 0:  rspec (3.2.0) from /Users/tmeyster/.rvm/gems/ruby-2.0.0-p353@railstutorial_rails_4_0/specifications/rspec-3.2.0.gemspec
I, [2015-06-18T11:58:43.518707 #1554]  INFO -- : 0:  bundler (1.5.1) from /Users/tmeyster/.rvm/gems/ruby-2.0.0-p353@global/specifications/bundler-1.5.1.gemspec
I, [2015-06-18T12:15:41.208366 #1594]  INFO -- : 0:  rake (10.4.2) from /Users/tmeyster/.rvm/gems/ruby-2.0.0-p353@railstutorial_rails_4_0/specifications/rake-10.4.2.gemspec
I, [2015-06-18T12:15:41.212924 #1594]  INFO -- : 0:  columnize (0.9.0) from /Users/tmeyster/.rvm/gems/ruby-2.0.0-p353@railstutorial_rails_4_0/specifications/columnize-0.9.0.gemspec
I, [2015-06-18T12:15:41.213244 #1594]  INFO -- : 0:  byebug (5.0.0) from /Users/tmeyster/.rvm/gems/ruby-2.0.0-p353@railstutorial_rails_4_0/specifications/byebug-5.0.0.gemspec
I, [2015-06-18T12:15:41.213492 #1594]  INFO -- : 0:  diff-lcs (1.2.5) from /Users/tmeyster/.rvm/gems/ruby-2.0.0-p353@railstutorial_rails_4_0/specifications/diff-lcs-1.2.5.gemspec
I, [2015-06-18T12:15:41.213770 #1594]  INFO -- : 0:  rspec-support (3.2.2) from /Users/tmeyster/.rvm/gems/ruby-2.0.0-p353@railstutorial_rails_4_0/specifications/rspec-support-3.2.2.gemspec
I, [2015-06-18T12:15:41.214043 #1594]  INFO -- : 0:  rspec-core (3.2.3) from /Users/tmeyster/.rvm/gems/ruby-2.0.0-p353@railstutorial_rails_4_0/specifications/rspec-core-3.2.3.gemspec
I, [2015-06-18T12:15:41.214331 #1594]  INFO -- : 0:  rspec-expectations (3.2.1) from /Users/tmeyster/.rvm/gems/ruby-2.0.0-p353@railstutorial_rails_4_0/specifications/rspec-expectations-3.2.1.gemspec
I, [2015-06-18T12:15:41.214605 #1594]  INFO -- : 0:  rspec-mocks (3.2.1) from /Users/tmeyster/.rvm/gems/ruby-2.0.0-p353@railstutorial_rails_4_0/specifications/rspec-mocks-3.2.1.gemspec
I, [2015-06-18T12:15:41.214903 #1594]  INFO -- : 0:  rspec (3.2.0) from /Users/tmeyster/.rvm/gems/ruby-2.0.0-p353@railstutorial_rails_4_0/specifications/rspec-3.2.0.gemspec
I, [2015-06-18T12:15:41.215182 #1594]  INFO -- : 0:  bundler (1.5.1) from /Users/tmeyster/.rvm/gems/ruby-2.0.0-p353@global/specifications/bundler-1.5.1.gemspec
